<?xml version="1.0" encoding="UTF-8"?>
<!-- Generated by org.testng.reporters.JUnitReportReporter -->
<testsuite hostname="Nibyats-MacBook-Pro.local" failures="0" tests="1" name="testcases.VallidateAllMonths" time="0.410" errors="0" timestamp="2022-12-04T09:05:05 PST" skipped="0">
  <testcase classname="testcases.VallidateAllMonths" name="vallidateMonths" time="0.410"/>
  <system-out/>
</testsuite> <!-- testcases.VallidateAllMonths -->
